============================= test session starts =============================
platform win32 -- Python 3.13.9, pytest-8.3.3, pluggy-1.6.0 -- C:\Users\User\Desktop\文件轉檔\venv\Scripts\python.exe
cachedir: .pytest_cache
rootdir: C:\Users\User\Desktop\文件轉檔
plugins: flask-1.3.0, mock-3.14.0
collecting ... collected 139 items

tests/test_api.py::test_health PASSED                                    [  0%]
tests/test_api.py::test_formats PASSED                                   [  1%]
tests/test_api.py::test_convert_missing_file PASSED                      [  2%]
tests/test_api.py::test_convert_missing_target_format PASSED             [  2%]
tests/test_api.py::test_convert_oversized_single_file PASSED             [  3%]
tests/test_api.py::test_convert_unsupported_format PASSED                [  4%]
tests/test_api.py::test_status_nonexistent_job PASSED                    [  5%]
tests/test_api.py::test_download_nonexistent_job PASSED                  [  5%]
tests/test_api.py::test_convert_valid_request_queues_job PASSED          [  6%]
tests/test_api.py::test_secure_filename_rejects_traversal PASSED         [  7%]
tests/test_api.py::test_job_lifecycle PASSED                             [  7%]
tests/test_api.py::test_convert_no_files_empty_list PASSED               [  8%]
tests/test_api.py::test_formats_matrix_structure PASSED                  [  9%]
tests/test_api.py::test_health_json_content_type PASSED                  [ 10%]
tests/test_api.py::test_convert_unsupported_source_to_target PASSED      [ 10%]
tests/test_converters/test_dispatcher.py::TestGetSupportedMatrix::test_returns_dict PASSED [ 11%]
tests/test_converters/test_dispatcher.py::TestGetSupportedMatrix::test_has_all_source_formats PASSED [ 12%]
tests/test_converters/test_dispatcher.py::TestGetSupportedMatrix::test_pdf_targets_correct PASSED [ 12%]
tests/test_converters/test_dispatcher.py::TestGetSupportedMatrix::test_quality_labels_valid PASSED [ 13%]
tests/test_converters/test_dispatcher.py::TestDetectFormat::test_pdf_detection PASSED [ 14%]
tests/test_converters/test_dispatcher.py::TestDetectFormat::test_docx_detection PASSED [ 15%]
tests/test_converters/test_dispatcher.py::TestDetectFormat::test_pptx_detection PASSED [ 15%]
tests/test_converters/test_dispatcher.py::TestDetectFormat::test_html_detection PASSED [ 16%]
tests/test_converters/test_dispatcher.py::TestDetectFormat::test_htm_detection PASSED [ 17%]
tests/test_converters/test_dispatcher.py::TestDetectFormat::test_md_detection PASSED [ 17%]
tests/test_converters/test_dispatcher.py::TestDetectFormat::test_txt_detection PASSED [ 18%]
tests/test_converters/test_dispatcher.py::TestDetectFormat::test_png_detection PASSED [ 19%]
tests/test_converters/test_dispatcher.py::TestDetectFormat::test_jpg_detection PASSED [ 20%]
tests/test_converters/test_dispatcher.py::TestDetectFormat::test_unknown_ext_raises PASSED [ 20%]
tests/test_converters/test_dispatcher.py::TestIsSupportedPair::test_valid_pairs PASSED [ 21%]
tests/test_converters/test_dispatcher.py::TestIsSupportedPair::test_invalid_pairs PASSED [ 22%]
tests/test_converters/test_dispatcher.py::TestConvertFileRouting::test_routes_to_correct_converter PASSED [ 23%]
tests/test_converters/test_dispatcher.py::TestConvertFileRouting::test_unknown_source_raises PASSED [ 23%]
tests/test_converters/test_dispatcher.py::TestConvertFileRouting::test_unsupported_target_raises PASSED [ 24%]
tests/test_converters/test_dispatcher.py::TestConvertFileRouting::test_md_to_html_routing PASSED [ 25%]
tests/test_converters/test_dispatcher.py::TestConvertFileRouting::test_pdf_to_txt_routing PASSED [ 25%]
tests/test_converters/test_dispatcher.py::TestConvertFileRouting::test_html_to_md_routing PASSED [ 26%]
tests/test_converters/test_dispatcher.py::TestConvertFileRouting::test_txt_to_docx_routing PASSED [ 27%]
tests/test_converters/test_dispatcher.py::TestConvertFileRouting::test_image_to_pdf_routing PASSED [ 28%]
tests/test_converters/test_dispatcher.py::TestConvertFileRouting::test_accepts_string_paths PASSED [ 28%]
tests/test_converters/test_html_converter.py::TestHTMLConverterMeta::test_source_format PASSED [ 29%]
tests/test_converters/test_html_converter.py::TestHTMLConverterMeta::test_supported_targets PASSED [ 30%]
tests/test_converters/test_html_converter.py::TestHTMLConverterMeta::test_unsupported_target PASSED [ 30%]
tests/test_converters/test_html_converter.py::TestHTMLConverterMeta::test_unsupported_raises PASSED [ 31%]
tests/test_converters/test_html_converter.py::TestHTMLToTXT::test_primary_success PASSED [ 32%]
tests/test_converters/test_html_converter.py::TestHTMLToTXT::test_output_stripped_tags PASSED [ 33%]
tests/test_converters/test_html_converter.py::TestHTMLToTXT::test_nonexistent_file_raises PASSED [ 33%]
tests/test_converters/test_html_converter.py::TestHTMLToMD::test_primary_success PASSED [ 34%]
tests/test_converters/test_html_converter.py::TestHTMLToMD::test_output_is_markdown PASSED [ 35%]
tests/test_converters/test_html_converter.py::TestHTMLToDOCX::test_primary_success PASSED [ 35%]
tests/test_converters/test_html_converter.py::TestHTMLToDOCX::test_output_is_docx PASSED [ 36%]
tests/test_converters/test_html_converter.py::TestHTMLToDOCX::test_tables_preserved PASSED [ 37%]
tests/test_converters/test_html_converter.py::TestHTMLToPDF::test_primary_success SKIPPED [ 38%]
tests/test_converters/test_html_converter.py::TestHTMLToPDF::test_pdf_starts_with_magic SKIPPED [ 38%]
tests/test_converters/test_image_converter.py::TestImageConverterMeta::test_source_format PASSED [ 39%]
tests/test_converters/test_image_converter.py::TestImageConverterMeta::test_supported_targets PASSED [ 40%]
tests/test_converters/test_image_converter.py::TestImageConverterMeta::test_unsupported_target PASSED [ 41%]
tests/test_converters/test_image_converter.py::TestImageConverterMeta::test_unsupported_raises PASSED [ 41%]
tests/test_converters/test_image_converter.py::TestIMGToPDF::test_png_to_pdf_success PASSED [ 42%]
tests/test_converters/test_image_converter.py::TestIMGToPDF::test_pdf_valid_header PASSED [ 43%]
tests/test_converters/test_image_converter.py::TestIMGToPDF::test_nonexistent_file_raises PASSED [ 43%]
tests/test_converters/test_image_converter.py::TestIMGToIMG::test_png_to_jpg PASSED [ 44%]
tests/test_converters/test_image_converter.py::TestIMGToIMG::test_jpg_output_no_alpha PASSED [ 45%]
tests/test_converters/test_image_converter.py::TestIMGToIMG::test_png_to_png_identity PASSED [ 46%]
tests/test_converters/test_image_converter.py::TestIMGToIMG::test_rgba_png_to_jpg_fills_white PASSED [ 46%]
tests/test_converters/test_markdown_converter.py::TestMarkdownConverterMeta::test_source_format PASSED [ 47%]
tests/test_converters/test_markdown_converter.py::TestMarkdownConverterMeta::test_supported_targets PASSED [ 48%]
tests/test_converters/test_markdown_converter.py::TestMarkdownConverterMeta::test_unsupported_target PASSED [ 48%]
tests/test_converters/test_markdown_converter.py::TestMarkdownConverterMeta::test_unsupported_raises PASSED [ 49%]
tests/test_converters/test_markdown_converter.py::TestMDToHTML::test_primary_success PASSED [ 50%]
tests/test_converters/test_markdown_converter.py::TestMDToHTML::test_output_is_html PASSED [ 51%]
tests/test_converters/test_markdown_converter.py::TestMDToHTML::test_headings_converted PASSED [ 51%]
tests/test_converters/test_markdown_converter.py::TestMDToHTML::test_nonexistent_file_raises PASSED [ 52%]
tests/test_converters/test_markdown_converter.py::TestMDToTXT::test_primary_success PASSED [ 53%]
tests/test_converters/test_markdown_converter.py::TestMDToTXT::test_markdown_syntax_removed PASSED [ 53%]
tests/test_converters/test_markdown_converter.py::TestMDToTXT::test_text_content_preserved PASSED [ 54%]
tests/test_converters/test_markdown_converter.py::TestMDToDOCX::test_primary_success PASSED [ 55%]
tests/test_converters/test_markdown_converter.py::TestMDToDOCX::test_output_is_valid_docx PASSED [ 56%]
tests/test_converters/test_markdown_converter.py::TestMDToPDF::test_primary_success SKIPPED [ 56%]
tests/test_converters/test_markdown_converter.py::TestMDToPDF::test_pdf_valid_header SKIPPED [ 57%]
tests/test_converters/test_pdf_converter.py::TestPDFConverterMeta::test_source_format PASSED [ 58%]
tests/test_converters/test_pdf_converter.py::TestPDFConverterMeta::test_supported_targets PASSED [ 58%]
tests/test_converters/test_pdf_converter.py::TestPDFConverterMeta::test_unsupported_target PASSED [ 59%]
tests/test_converters/test_pdf_converter.py::TestPDFConverterMeta::test_unsupported_raises PASSED [ 60%]
tests/test_converters/test_pdf_converter.py::TestPDFToTXT::test_primary_success PASSED [ 61%]
tests/test_converters/test_pdf_converter.py::TestPDFToTXT::test_output_contains_text PASSED [ 61%]
tests/test_converters/test_pdf_converter.py::TestPDFToTXT::test_nonexistent_file_raises PASSED [ 62%]
tests/test_converters/test_pdf_converter.py::TestPDFToHTML::test_primary_success PASSED [ 63%]
tests/test_converters/test_pdf_converter.py::TestPDFToHTML::test_output_is_html PASSED [ 64%]
tests/test_converters/test_pdf_converter.py::TestPDFToHTML::test_output_not_empty PASSED [ 64%]
tests/test_converters/test_pdf_converter.py::TestPDFToMD::test_primary_success PASSED [ 65%]
tests/test_converters/test_pdf_converter.py::TestPDFToMD::test_output_is_text PASSED [ 66%]
tests/test_converters/test_pdf_converter.py::TestPDFToDOCX::test_primary_success PASSED [ 66%]
tests/test_converters/test_pdf_converter.py::TestPDFToDOCX::test_fallback_triggered_on_bad_file PASSED [ 67%]
tests/test_converters/test_pdf_converter.py::TestPDFToImage::test_single_page_pdf_to_png PASSED [ 68%]
tests/test_converters/test_pdf_converter.py::TestPDFToImage::test_output_nonempty PASSED [ 69%]
tests/test_converters/test_ppt_converter.py::TestPPTConverterMeta::test_source_format PASSED [ 69%]
tests/test_converters/test_ppt_converter.py::TestPPTConverterMeta::test_supported_targets PASSED [ 70%]
tests/test_converters/test_ppt_converter.py::TestPPTConverterMeta::test_unsupported_target PASSED [ 71%]
tests/test_converters/test_ppt_converter.py::TestPPTConverterMeta::test_unsupported_raises PASSED [ 71%]
tests/test_converters/test_ppt_converter.py::TestPPTXToTXT::test_primary_success PASSED [ 72%]
tests/test_converters/test_ppt_converter.py::TestPPTXToTXT::test_output_contains_slide_marker PASSED [ 73%]
tests/test_converters/test_ppt_converter.py::TestPPTXToTXT::test_nonexistent_file_raises PASSED [ 74%]
tests/test_converters/test_ppt_converter.py::TestPPTXToHTML::test_primary_success PASSED [ 74%]
tests/test_converters/test_ppt_converter.py::TestPPTXToHTML::test_output_is_html PASSED [ 75%]
tests/test_converters/test_ppt_converter.py::TestPPTXToHTML::test_output_has_sections PASSED [ 76%]
tests/test_converters/test_ppt_converter.py::TestPPTXToPDF::test_primary_success PASSED [ 76%]
tests/test_converters/test_ppt_converter.py::TestPPTXToPDF::test_fallback_to_weasyprint SKIPPED [ 77%]
tests/test_converters/test_ppt_converter.py::TestPPTXToImage::test_primary_success PASSED [ 78%]
tests/test_converters/test_txt_converter.py::TestTXTConverterMeta::test_source_format PASSED [ 79%]
tests/test_converters/test_txt_converter.py::TestTXTConverterMeta::test_supported_targets PASSED [ 79%]
tests/test_converters/test_txt_converter.py::TestTXTConverterMeta::test_unsupported_target PASSED [ 80%]
tests/test_converters/test_txt_converter.py::TestTXTConverterMeta::test_unsupported_raises PASSED [ 81%]
tests/test_converters/test_txt_converter.py::TestTXTToHTML::test_primary_success PASSED [ 82%]
tests/test_converters/test_txt_converter.py::TestTXTToHTML::test_output_is_html PASSED [ 82%]
tests/test_converters/test_txt_converter.py::TestTXTToHTML::test_content_in_pre_tag PASSED [ 83%]
tests/test_converters/test_txt_converter.py::TestTXTToHTML::test_nonexistent_file_raises PASSED [ 84%]
tests/test_converters/test_txt_converter.py::TestTXTToMD::test_primary_success PASSED [ 84%]
tests/test_converters/test_txt_converter.py::TestTXTToMD::test_content_preserved PASSED [ 85%]
tests/test_converters/test_txt_converter.py::TestTXTToMD::test_no_extra_blank_lines PASSED [ 86%]
tests/test_converters/test_txt_converter.py::TestTXTToDOCX::test_primary_success PASSED [ 87%]
tests/test_converters/test_txt_converter.py::TestTXTToDOCX::test_output_is_valid_docx PASSED [ 87%]
tests/test_converters/test_txt_converter.py::TestTXTToDOCX::test_content_in_paragraphs PASSED [ 88%]
tests/test_converters/test_txt_converter.py::TestTXTToPDF::test_primary_success SKIPPED [ 89%]
tests/test_converters/test_txt_converter.py::TestTXTToPDF::test_pdf_valid_header SKIPPED [ 89%]
tests/test_converters/test_word_converter.py::TestWordConverterMeta::test_source_format PASSED [ 90%]
tests/test_converters/test_word_converter.py::TestWordConverterMeta::test_supported_targets PASSED [ 91%]
tests/test_converters/test_word_converter.py::TestWordConverterMeta::test_unsupported_target PASSED [ 92%]
tests/test_converters/test_word_converter.py::TestWordConverterMeta::test_unsupported_raises PASSED [ 92%]
tests/test_converters/test_word_converter.py::TestDOCXToTXT::test_primary_success PASSED [ 93%]
tests/test_converters/test_word_converter.py::TestDOCXToTXT::test_output_contains_heading PASSED [ 94%]
tests/test_converters/test_word_converter.py::TestDOCXToTXT::test_nonexistent_file_raises PASSED [ 94%]
tests/test_converters/test_word_converter.py::TestDOCXToHTML::test_primary_success PASSED [ 95%]
tests/test_converters/test_word_converter.py::TestDOCXToHTML::test_output_is_html PASSED [ 96%]
tests/test_converters/test_word_converter.py::TestDOCXToHTML::test_output_contains_heading_tag PASSED [ 97%]
tests/test_converters/test_word_converter.py::TestDOCXToMD::test_primary_success PASSED [ 97%]
tests/test_converters/test_word_converter.py::TestDOCXToMD::test_output_is_markdown PASSED [ 98%]
tests/test_converters/test_word_converter.py::TestDOCXToPDF::test_fallback_when_docx2pdf_fails SKIPPED [ 99%]
tests/test_converters/test_word_converter.py::TestDOCXToPDF::test_pdf_output_attempt Windows fatal exception: code 0x800706be

Thread 0x00006e28 (most recent call first):
  File "C:\Users\User\miniconda3\Lib\threading.py", line 363 in wait
  File "C:\Users\User\miniconda3\Lib\threading.py", line 659 in wait
  File "C:\Users\User\Desktop\\u6587\u4ef6\u8f49\u6a94\venv\Lib\site-packages\tqdm\_monitor.py", line 60 in run
  File "C:\Users\User\miniconda3\Lib\threading.py", line 1043 in _bootstrap_inner
  File "C:\Users\User\miniconda3\Lib\threading.py", line 1014 in _bootstrap

Current thread 0x0000b148 (most recent call first):
  File "C:\Users\User\Desktop\\u6587\u4ef6\u8f49\u6a94\venv\Lib\site-packages\docx2pdf\__init__.py", line 106 in convert
  File "C:\Users\User\Desktop\\u6587\u4ef6\u8f49\u6a94\converters\word_converter.py", line 104 in _worker
  File "C:\Users\User\miniconda3\Lib\concurrent\futures\thread.py", line 59 in run
  File "C:\Users\User\miniconda3\Lib\concurrent\futures\thread.py", line 93 in _worker
  File "C:\Users\User\miniconda3\Lib\threading.py", line 994 in run
  File "C:\Users\User\miniconda3\Lib\threading.py", line 1043 in _bootstrap_inner
  File "C:\Users\User\miniconda3\Lib\threading.py", line 1014 in _bootstrap

Thread 0x0000ad7c (most recent call first):
  File "C:\Users\User\Desktop\\u6587\u4ef6\u8f49\u6a94\app.py", line 235 in _do_remove
  File "C:\Users\User\miniconda3\Lib\threading.py", line 994 in run
  File "C:\Users\User\miniconda3\Lib\threading.py", line 1043 in _bootstrap_inner
  File "C:\Users\User\miniconda3\Lib\threading.py", line 1014 in _bootstrap

Thread 0x00004228 (most recent call first):
  File "C:\Users\User\miniconda3\Lib\concurrent\futures\thread.py", line 90 in _worker
  File "C:\Users\User\miniconda3\Lib\threading.py", line 994 in run
  File "C:\Users\User\miniconda3\Lib\threading.py", line 1043 in _bootstrap_inner
  File "C:\Users\User\miniconda3\Lib\threading.py", line 1014 in _bootstrap

Thread 0x00009e88 (most recent call first):
  File "C:\Users\User\miniconda3\Lib\concurrent\futures\thread.py", line 90 in _worker
  File "C:\Users\User\miniconda3\Lib\threading.py", line 994 in run
  File "C:\Users\User\miniconda3\Lib\threading.py", line 1043 in _bootstrap_inner
  File "C:\Users\User\miniconda3\Lib\threading.py", line 1014 in _bootstrap

Thread 0x00007398 (most recent call first):
  File "C:\Users\User\miniconda3\Lib\threading.py", line 363 in wait
  File "C:\Users\User\miniconda3\Lib\concurrent\futures\_base.py", line 451 in result
  File "C:\Users\User\Desktop\\u6587\u4ef6\u8f49\u6a94\converters\word_converter.py", line 115 in _docx2pdf_with_timeout
  File "C:\Users\User\Desktop\\u6587\u4ef6\u8f49\u6a94\converters\word_converter.py", line 73 in _to_pdf
  File "C:\Users\User\Desktop\\u6587\u4ef6\u8f49\u6a94\converters\word_converter.py", line 63 in convert
  File "C:\Users\User\Desktop\\u6587\u4ef6\u8f49\u6a94\tests\test_converters\test_word_converter.py", line 119 in test_pdf_output_attempt
  File "C:\Users\User\Desktop\\u6587\u4ef6\u8f49\u6a94\venv\Lib\site-packages\_pytest\python.py", line 159 in pytest_pyfunc_call
  File "C:\Users\User\Desktop\\u6587\u4ef6\u8f49\u6a94\venv\Lib\site-packages\pluggy\_callers.py", line 121 in _multicall
  File "C:\Users\User\Desktop\\u6587\u4ef6\u8f49\u6a94\venv\Lib\site-packages\pluggy\_manager.py", line 120 in _hookexec
  File "C:\Users\User\Desktop\\u6587\u4ef6\u8f49\u6a94\venv\Lib\site-packages\pluggy\_hooks.py", line 512 in __call__
  File "C:\Users\User\Desktop\\u6587\u4ef6\u8f49\u6a94\venv\Lib\site-packages\_pytest\python.py", line 1627 in runtest
  File "C:\Users\User\Desktop\\u6587\u4ef6\u8f49\u6a94\venv\Lib\site-packages\_pytest\runner.py", line 174 in pytest_runtest_call
  File "C:\Users\User\Desktop\\u6587\u4ef6\u8f49\u6a94\venv\Lib\site-packages\pluggy\_callers.py", line 121 in _multicall
  File "C:\Users\User\Desktop\\u6587\u4ef6\u8f49\u6a94\venv\Lib\site-packages\pluggy\_manager.py", line 120 in _hookexec
  File "C:\Users\User\Desktop\\u6587\u4ef6\u8f49\u6a94\venv\Lib\site-packages\pluggy\_hooks.py", line 512 in __call__
  File "C:\Users\User\Desktop\\u6587\u4ef6\u8f49\u6a94\venv\Lib\site-packages\_pytest\runner.py", line 242 in <lambda>
  File "C:\Users\User\Desktop\\u6587\u4ef6\u8f49\u6a94\venv\Lib\site-packages\_pytest\runner.py", line 341 in from_call
  File "C:\Users\User\Desktop\\u6587\u4ef6\u8f49\u6a94\venv\Lib\site-packages\_pytest\runner.py", line 241 in call_and_report
  File "C:\Users\User\Desktop\\u6587\u4ef6\u8f49\u6a94\venv\Lib\site-packages\_pytest\runner.py", line 132 in runtestprotocol
  File "C:\Users\User\Desktop\\u6587\u4ef6\u8f49\u6a94\venv\Lib\site-packages\_pytest\runner.py", line 113 in pytest_runtest_protocol
  File "C:\Users\User\Desktop\\u6587\u4ef6\u8f49\u6a94\venv\Lib\site-packages\pluggy\_callers.py", line 121 in _multicall
  File "C:\Users\User\Desktop\\u6587\u4ef6\u8f49\u6a94\venv\Lib\site-packages\pluggy\_manager.py", line 120 in _hookexec
  File "C:\Users\User\Desktop\\u6587\u4ef6\u8f49\u6a94\venv\Lib\site-packages\pluggy\_hooks.py", line 512 in __call__
  File "C:\Users\User\Desktop\\u6587\u4ef6\u8f49\u6a94\venv\Lib\site-packages\_pytest\main.py", line 362 in pytest_runtestloop
  File "C:\Users\User\Desktop\\u6587\u4ef6\u8f49\u6a94\venv\Lib\site-packages\pluggy\_callers.py", line 121 in _multicall
  File "C:\Users\User\Desktop\\u6587\u4ef6\u8f49\u6a94\venv\Lib\site-packages\pluggy\_manager.py", line 120 in _hookexec
  File "C:\Users\User\Desktop\\u6587\u4ef6\u8f49\u6a94\venv\Lib\site-packages\pluggy\_hooks.py", line 512 in __call__
  File "C:\Users\User\Desktop\\u6587\u4ef6\u8f49\u6a94\venv\Lib\site-packages\_pytest\main.py", line 337 in _main
  File "C:\Users\User\Desktop\\u6587\u4ef6\u8f49\u6a94\venv\Lib\site-packages\_pytest\main.py", line 283 in wrap_session
  File "C:\Users\User\Desktop\\u6587\u4ef6\u8f49\u6a94\venv\Lib\site-packages\_pytest\main.py", line 330 in pytest_cmdline_main
  File "C:\Users\User\Desktop\\u6587\u4ef6\u8f49\u6a94\venv\Lib\site-packages\pluggy\_callers.py", line 121 in _multicall
  File "C:\Users\User\Desktop\\u6587\u4ef6\u8f49\u6a94\venv\Lib\site-packages\pluggy\_manager.py", line 120 in _hookexec
  File "C:\Users\User\Desktop\\u6587\u4ef6\u8f49\u6a94\venv\Lib\site-packages\pluggy\_hooks.py", line 512 in __call__
  File "C:\Users\User\Desktop\\u6587\u4ef6\u8f49\u6a94\venv\Lib\site-packages\_pytest\config\__init__.py", line 175 in main
  File "C:\Users\User\Desktop\\u6587\u4ef6\u8f49\u6a94\venv\Lib\site-packages\_pytest\config\__init__.py", line 201 in console_main
  File "C:\Users\User\Desktop\\u6587\u4ef6\u8f49\u6a94\venv\Lib\site-packages\pytest\__main__.py", line 9 in <module>
  File "<frozen runpy>", line 88 in _run_code
  File "<frozen runpy>", line 198 in _run_module_as_main
Windows fatal exception: code 0x800706ba

Thread 0x00006e28 (most recent call first):
  File "C:\Users\User\miniconda3\Lib\threading.py", line 363 in wait
  File "C:\Users\User\miniconda3\Lib\threading.py", line 659 in wait
  File "C:\Users\User\Desktop\\u6587\u4ef6\u8f49\u6a94\venv\Lib\site-packages\tqdm\_monitor.py", line 60 in run
  File "C:\Users\User\miniconda3\Lib\threading.py", line 1043 in _bootstrap_inner
  File "C:\Users\User\miniconda3\Lib\threading.py", line 1014 in _bootstrap

Current thread 0x0000b148 (most recent call first):
  File "C:\Users\User\Desktop\\u6587\u4ef6\u8f49\u6a94\venv\Lib\site-packages\docx2pdf\__init__.py", line 106 in convert
  File "C:\Users\User\Desktop\\u6587\u4ef6\u8f49\u6a94\converters\word_converter.py", line 104 in _worker
  File "C:\Users\User\miniconda3\Lib\concurrent\futures\thread.py", line 59 in run
  File "C:\Users\User\miniconda3\Lib\concurrent\futures\thread.py", line 93 in _worker
  File "C:\Users\User\miniconda3\Lib\threading.py", line 994 in run
  File "C:\Users\User\miniconda3\Lib\threading.py", line 1043 in _bootstrap_inner
  File "C:\Users\User\miniconda3\Lib\threading.py", line 1014 in _bootstrap

Thread 0x0000ad7c (most recent call first):
  File "C:\Users\User\Desktop\\u6587\u4ef6\u8f49\u6a94\app.py", line 235 in _do_remove
  File "C:\Users\User\miniconda3\Lib\threading.py", line 994 in run
  File "C:\Users\User\miniconda3\Lib\threading.py", line 1043 in _bootstrap_inner
  File "C:\Users\User\miniconda3\Lib\threading.py", line 1014 in _bootstrap

Thread 0x00004228 (most recent call first):
  File "C:\Users\User\miniconda3\Lib\concurrent\futures\thread.py", line 90 in _worker
  File "C:\Users\User\miniconda3\Lib\threading.py", line 994 in run
  File "C:\Users\User\miniconda3\Lib\threading.py", line 1043 in _bootstrap_inner
  File "C:\Users\User\miniconda3\Lib\threading.py", line 1014 in _bootstrap

Thread 0x00009e88 (most recent call first):
  File "C:\Users\User\miniconda3\Lib\concurrent\futures\thread.py", line 90 in _worker
  File "C:\Users\User\miniconda3\Lib\threading.py", line 994 in run
  File "C:\Users\User\miniconda3\Lib\threading.py", line 1043 in _bootstrap_inner
  File "C:\Users\User\miniconda3\Lib\threading.py", line 1014 in _bootstrap

Thread 0x00007398 (most recent call first):
  File "C:\Users\User\miniconda3\Lib\threading.py", line 363 in wait
  File "C:\Users\User\miniconda3\Lib\concurrent\futures\_base.py", line 451 in result
  File "C:\Users\User\Desktop\\u6587\u4ef6\u8f49\u6a94\converters\word_converter.py", line 115 in _docx2pdf_with_timeout
  File "C:\Users\User\Desktop\\u6587\u4ef6\u8f49\u6a94\converters\word_converter.py", line 73 in _to_pdf
  File "C:\Users\User\Desktop\\u6587\u4ef6\u8f49\u6a94\converters\word_converter.py", line 63 in convert
  File "C:\Users\User\Desktop\\u6587\u4ef6\u8f49\u6a94\tests\test_converters\test_word_converter.py", line 119 in test_pdf_output_attempt
  File "C:\Users\User\Desktop\\u6587\u4ef6\u8f49\u6a94\venv\Lib\site-packages\_pytest\python.py", line 159 in pytest_pyfunc_call
  File "C:\Users\User\Desktop\\u6587\u4ef6\u8f49\u6a94\venv\Lib\site-packages\pluggy\_callers.py", line 121 in _multicall
  File "C:\Users\User\Desktop\\u6587\u4ef6\u8f49\u6a94\venv\Lib\site-packages\pluggy\_manager.py", line 120 in _hookexec
  File "C:\Users\User\Desktop\\u6587\u4ef6\u8f49\u6a94\venv\Lib\site-packages\pluggy\_hooks.py", line 512 in __call__
  File "C:\Users\User\Desktop\\u6587\u4ef6\u8f49\u6a94\venv\Lib\site-packages\_pytest\python.py", line 1627 in runtest
  File "C:\Users\User\Desktop\\u6587\u4ef6\u8f49\u6a94\venv\Lib\site-packages\_pytest\runner.py", line 174 in pytest_runtest_call
  File "C:\Users\User\Desktop\\u6587\u4ef6\u8f49\u6a94\venv\Lib\site-packages\pluggy\_callers.py", line 121 in _multicall
  File "C:\Users\User\Desktop\\u6587\u4ef6\u8f49\u6a94\venv\Lib\site-packages\pluggy\_manager.py", line 120 in _hookexec
  File "C:\Users\User\Desktop\\u6587\u4ef6\u8f49\u6a94\venv\Lib\site-packages\pluggy\_hooks.py", line 512 in __call__
  File "C:\Users\User\Desktop\\u6587\u4ef6\u8f49\u6a94\venv\Lib\site-packages\_pytest\runner.py", line 242 in <lambda>
  File "C:\Users\User\Desktop\\u6587\u4ef6\u8f49\u6a94\venv\Lib\site-packages\_pytest\runner.py", line 341 in from_call
  File "C:\Users\User\Desktop\\u6587\u4ef6\u8f49\u6a94\venv\Lib\site-packages\_pytest\runner.py", line 241 in call_and_report
  File "C:\Users\User\Desktop\\u6587\u4ef6\u8f49\u6a94\venv\Lib\site-packages\_pytest\runner.py", line 132 in runtestprotocol
  File "C:\Users\User\Desktop\\u6587\u4ef6\u8f49\u6a94\venv\Lib\site-packages\_pytest\runner.py", line 113 in pytest_runtest_protocol
  File "C:\Users\User\Desktop\\u6587\u4ef6\u8f49\u6a94\venv\Lib\site-packages\pluggy\_callers.py", line 121 in _multicall
  File "C:\Users\User\Desktop\\u6587\u4ef6\u8f49\u6a94\venv\Lib\site-packages\pluggy\_manager.py", line 120 in _hookexec
  File "C:\Users\User\Desktop\\u6587\u4ef6\u8f49\u6a94\venv\Lib\site-packages\pluggy\_hooks.py", line 512 in __call__
  File "C:\Users\User\Desktop\\u6587\u4ef6\u8f49\u6a94\venv\Lib\site-packages\_pytest\main.py", line 362 in pytest_runtestloop
  File "C:\Users\User\Desktop\\u6587\u4ef6\u8f49\u6a94\venv\Lib\site-packages\pluggy\_callers.py", line 121 in _multicall
  File "C:\Users\User\Desktop\\u6587\u4ef6\u8f49\u6a94\venv\Lib\site-packages\pluggy\_manager.py", line 120 in _hookexec
  File "C:\Users\User\Desktop\\u6587\u4ef6\u8f49\u6a94\venv\Lib\site-packages\pluggy\_hooks.py", line 512 in __call__
  File "C:\Users\User\Desktop\\u6587\u4ef6\u8f49\u6a94\venv\Lib\site-packages\_pytest\main.py", line 337 in _main
  File "C:\Users\User\Desktop\\u6587\u4ef6\u8f49\u6a94\venv\Lib\site-packages\_pytest\main.py", line 283 in wrap_session
  File "C:\Users\User\Desktop\\u6587\u4ef6\u8f49\u6a94\venv\Lib\site-packages\_pytest\main.py", line 330 in pytest_cmdline_main
  File "C:\Users\User\Desktop\\u6587\u4ef6\u8f49\u6a94\venv\Lib\site-packages\pluggy\_callers.py", line 121 in _multicall
  File "C:\Users\User\Desktop\\u6587\u4ef6\u8f49\u6a94\venv\Lib\site-packages\pluggy\_manager.py", line 120 in _hookexec
  File "C:\Users\User\Desktop\\u6587\u4ef6\u8f49\u6a94\venv\Lib\site-packages\pluggy\_hooks.py", line 512 in __call__
  File "C:\Users\User\Desktop\\u6587\u4ef6\u8f49\u6a94\venv\Lib\site-packages\_pytest\config\__init__.py", line 175 in main
  File "C:\Users\User\Desktop\\u6587\u4ef6\u8f49\u6a94\venv\Lib\site-packages\_pytest\config\__init__.py", line 201 in console_main
  File "C:\Users\User\Desktop\\u6587\u4ef6\u8f49\u6a94\venv\Lib\site-packages\pytest\__main__.py", line 9 in <module>
  File "<frozen runpy>", line 88 in _run_code
  File "<frozen runpy>", line 198 in _run_module_as_main
PASSED [100%]

============================== warnings summary ===============================
tests/test_converters/test_dispatcher.py::TestConvertFileRouting::test_pdf_to_txt_routing
tests/test_converters/test_dispatcher.py::TestConvertFileRouting::test_pdf_to_txt_routing
  <frozen importlib._bootstrap>:488: DeprecationWarning: builtin type SwigPyPacked has no __module__ attribute

tests/test_converters/test_dispatcher.py::TestConvertFileRouting::test_pdf_to_txt_routing
tests/test_converters/test_dispatcher.py::TestConvertFileRouting::test_pdf_to_txt_routing
  <frozen importlib._bootstrap>:488: DeprecationWarning: builtin type SwigPyObject has no __module__ attribute

tests/test_converters/test_dispatcher.py::TestConvertFileRouting::test_pdf_to_txt_routing
  <frozen importlib._bootstrap>:488: DeprecationWarning: builtin type swigvarlink has no __module__ attribute

-- Docs: https://docs.pytest.org/en/stable/how-to/capture-warnings.html
================= 131 passed, 8 skipped, 5 warnings in 6.49s ==================
<sys>:0: DeprecationWarning: builtin type swigvarlink has no __module__ attribute
